<?xml version="1.0" encoding="UTF-8"?>
<!-- Generated by org.testng.reporters.JUnitXMLReporter -->
<testsuite hostname="PREETISH-PC" ignored="0" name="Test" tests="1" failures="0" timestamp="06 Oct 2021 17:25:03 GMT" time="0.907" errors="0">
  <testcase name="@BeforeClass setUpClass" time="0.203" classname="testRunner.PageobjectRunner">
    <failure type="java.lang.NoSuchMethodError" message="cucumber.runtime.RuntimeOptions.reporter(Ljava/lang/ClassLoader;)Lgherkin/formatter/Reporter;">
      <![CDATA[java.lang.NoSuchMethodError: cucumber.runtime.RuntimeOptions.reporter(Ljava/lang/ClassLoader;)Lgherkin/formatter/Reporter;
at cucumber.api.testng.TestNGCucumberRunner.<init>(TestNGCucumberRunner.java:41)
at testRunner.PageobjectRunner.setUpClass(PageobjectRunner.java:33)
... Removed 29 stack frames]]>
    </failure>
  </testcase> <!-- @BeforeClass setUpClass -->
  <testcase name="@AfterClass tearDownClass" time="0.0" classname="testRunner.PageobjectRunner">
    <failure type="java.lang.NullPointerException">
      <![CDATA[java.lang.NullPointerException
at testRunner.PageobjectRunner.tearDownClass(PageobjectRunner.java:48)
... Removed 29 stack frames]]>
    </failure>
  </testcase> <!-- @AfterClass tearDownClass -->
  <testcase name="feature" time="0.0" classname="testRunner.PageobjectRunner">
    <skipped/>
  </testcase> <!-- feature -->
</testsuite> <!-- Test -->
